<?xml version="1.0" encoding="UTF-8"?>
<testng-results ignored="0" total="1" passed="1" failed="0" skipped="0">
  <reporter-output>
  </reporter-output>
  <suite started-at="2024-01-19T15:32:55 IST" name="Default suite" finished-at="2024-01-19T15:32:58 IST" duration-ms="2898">
    <groups>
    </groups>
    <test started-at="2024-01-19T15:32:55 IST" name="Default test" finished-at="2024-01-19T15:32:58 IST" duration-ms="2898">
      <class name="Excel">
        <test-method signature="getExcel()[pri:0, instance:Excel@732c2a62]" started-at="2024-01-19T15:32:55 IST" name="getExcel" finished-at="2024-01-19T15:32:58 IST" duration-ms="2815" status="PASS">
          <reporter-output>
          </reporter-output>
        </test-method> <!-- getExcel -->
      </class> <!-- Excel -->
    </test> <!-- Default test -->
  </suite> <!-- Default suite -->
</testng-results>
